<?xml version="1.0" encoding="UTF-8"?>
<!-- Generated by org.testng.reporters.JUnitReportReporter -->
<testsuite hostname="Pese" failures="2" tests="5" name="test_login_api.LoginAPI" time="2.644" errors="0" timestamp="2025-08-07T23:05:06 ART" skipped="0">
  <testcase classname="test_login_api.LoginAPI" name="simpleTest" time="0.023"/>
  <system-out/>
  <testcase classname="test_login_api.LoginAPI" name="loginAPIOK" time="1.129">
    <failure message="PRUEBA DE LOGIN VÍA API FALLIDA" type="java.lang.AssertionError">
      <![CDATA[java.lang.AssertionError: PRUEBA DE LOGIN VÍA API FALLIDA
]]>
    </failure>
  </testcase> <!-- loginAPIOK -->
  <system-out/>
  <testcase classname="test_login_api.LoginAPI" name="loginAPIOK" time="0.418">
    <failure message="PRUEBA DE LOGIN VÍA API FALLIDA" type="java.lang.AssertionError">
      <![CDATA[java.lang.AssertionError: PRUEBA DE LOGIN VÍA API FALLIDA
]]>
    </failure>
  </testcase> <!-- loginAPIOK -->
  <system-out/>
  <testcase classname="test_login_api.LoginAPI" name="loginUsrIncorrectAPI" time="0.528"/>
  <system-out/>
  <testcase classname="test_login_api.LoginAPI" name="loginPassIncorrectAPI" time="0.546"/>
  <system-out/>
</testsuite> <!-- test_login_api.LoginAPI -->
