<?xml version="1.0" encoding="UTF-8"?>
<!-- Generated by org.testng.reporters.JUnitReportReporter -->
<testsuite hostname="Pese" failures="0" tests="7" name="test_login.Login" time="28.102" errors="0" timestamp="2025-03-05T19:42:55 ART" skipped="0">
  <testcase classname="test_login.Login" name="loginOK" time="4.331"/>
  <system-out/>
  <testcase classname="test_login.Login" name="loginOK" time="4.565"/>
  <system-out/>
  <testcase classname="test_login.Login" name="loginUsrIncorrect" time="3.895"/>
  <system-out/>
  <testcase classname="test_login.Login" name="loginPassIncorrect" time="4.136"/>
  <system-out/>
  <testcase classname="test_login.Login" name="loginUsrOrPassNull" time="3.540"/>
  <system-out/>
  <testcase classname="test_login.Login" name="loginUsrOrPassNull" time="3.684"/>
  <system-out/>
  <testcase classname="test_login.Login" name="loginUsrAndPassNull" time="3.951"/>
  <system-out/>
</testsuite> <!-- test_login.Login -->
