<?xml version="1.0" encoding="UTF-8"?>
<!-- Generated by org.testng.reporters.JUnitReportReporter -->
<testsuite hostname="Pese" failures="0" tests="7" name="test_login.Login" time="27.858" errors="0" timestamp="2025-03-05T20:40:38 ART" skipped="0">
  <testcase classname="test_login.Login" name="loginOK" time="3.860"/>
  <system-out/>
  <testcase classname="test_login.Login" name="loginOK" time="4.727"/>
  <system-out/>
  <testcase classname="test_login.Login" name="loginUsrIncorrect" time="4.053"/>
  <system-out/>
  <testcase classname="test_login.Login" name="loginPassIncorrect" time="3.692"/>
  <system-out/>
  <testcase classname="test_login.Login" name="loginUsrOrPassNull" time="4.538"/>
  <system-out/>
  <testcase classname="test_login.Login" name="loginUsrOrPassNull" time="3.498"/>
  <system-out/>
  <testcase classname="test_login.Login" name="loginUsrAndPassNull" time="3.490"/>
  <system-out/>
</testsuite> <!-- test_login.Login -->
