<?xml version="1.0" encoding="UTF-8"?>
<!-- Generated by org.testng.reporters.JUnitReportReporter -->
<testsuite hostname="Pese" failures="0" tests="5" name="test_login_api.LoginAPI" time="2.307" errors="0" timestamp="2025-08-07T22:31:50 ART" skipped="0">
  <testcase classname="test_login_api.LoginAPI" name="simpleTest" time="0.018"/>
  <system-out/>
  <testcase classname="test_login_api.LoginAPI" name="loginAPIOK" time="0.427"/>
  <system-out/>
  <testcase classname="test_login_api.LoginAPI" name="loginAPIOK" time="1.006"/>
  <system-out/>
  <testcase classname="test_login_api.LoginAPI" name="loginUsrIncorrectAPI" time="0.437"/>
  <system-out/>
  <testcase classname="test_login_api.LoginAPI" name="loginPassIncorrectAPI" time="0.419"/>
  <system-out/>
</testsuite> <!-- test_login_api.LoginAPI -->
