<?xml version="1.0" encoding="UTF-8"?>
<!-- Generated by org.testng.reporters.JUnitReportReporter -->
<testsuite hostname="Pese" failures="0" tests="5" name="test_register.Register" time="17.086" errors="0" timestamp="2025-08-07T22:31:50 ART" skipped="0">
  <testcase classname="test_register.Register" name="registerOK" time="3.865"/>
  <system-out/>
  <testcase classname="test_register.Register" name="registerUsrExistent" time="3.603"/>
  <system-out/>
  <testcase classname="test_register.Register" name="registerUsrOrPassNull" time="4.101"/>
  <system-out/>
  <testcase classname="test_register.Register" name="registerUsrOrPassNull" time="2.260"/>
  <system-out/>
  <testcase classname="test_register.Register" name="registerUsrAndPassNull" time="3.257"/>
  <system-out/>
</testsuite> <!-- test_register.Register -->
