<?xml version="1.0" encoding="UTF-8"?>
<!-- Generated by org.testng.reporters.JUnitXMLReporter -->
<testsuite ignored="0" hostname="Pese" failures="0" tests="7" name="Login Tests" time="27.526" errors="0" timestamp="2025-08-07T22:31:30 ART">
  <testcase classname="test_login.Login" name="loginOK" time="2.342"/>
  <testcase classname="test_login.Login" name="loginOK" time="2.314"/>
  <testcase classname="test_login.Login" name="loginUsrIncorrect" time="1.237"/>
  <testcase classname="test_login.Login" name="loginPassIncorrect" time="1.236"/>
  <testcase classname="test_login.Login" name="loginUsrOrPassNull" time="0.708"/>
  <testcase classname="test_login.Login" name="loginUsrOrPassNull" time="0.728"/>
  <testcase classname="test_login.Login" name="loginUsrAndPassNull" time="0.716"/>
</testsuite> <!-- Login Tests -->
