<?xml version="1.0" encoding="UTF-8"?>
<!-- Generated by org.testng.reporters.JUnitXMLReporter -->
<testsuite ignored="0" hostname="Pese" failures="0" tests="5" name="Login API Tests" time="2.333" errors="0" timestamp="2025-08-07T22:31:50 ART">
  <testcase classname="test_login_api.LoginAPI" name="simpleTest" time="0.0"/>
  <testcase classname="test_login_api.LoginAPI" name="loginAPIOK" time="0.99"/>
  <testcase classname="test_login_api.LoginAPI" name="loginAPIOK" time="0.407"/>
  <testcase classname="test_login_api.LoginAPI" name="loginUsrIncorrectAPI" time="0.418"/>
  <testcase classname="test_login_api.LoginAPI" name="loginPassIncorrectAPI" time="0.395"/>
</testsuite> <!-- Login API Tests -->
