<?xml version="1.0" encoding="UTF-8"?>
<!-- Generated by org.testng.reporters.JUnitXMLReporter -->
<testsuite ignored="0" hostname="Pese" failures="0" tests="5" name="Register Tests" time="17.117" errors="0" timestamp="2025-08-07T22:31:47 ART">
  <testcase classname="test_register.Register" name="registerOK" time="1.225"/>
  <testcase classname="test_register.Register" name="registerUsrExistent" time="1.255"/>
  <testcase classname="test_register.Register" name="registerUsrOrPassNull" time="1.574"/>
  <testcase classname="test_register.Register" name="registerUsrOrPassNull" time="0.719"/>
  <testcase classname="test_register.Register" name="registerUsrAndPassNull" time="1.559"/>
</testsuite> <!-- Register Tests -->
