<?xml version="1.0" encoding="UTF-8"?>
<!-- Generated by org.testng.reporters.JUnitXMLReporter -->
<testsuite ignored="0" hostname="Pese" failures="0" tests="7" name="Default test" time="28.84" errors="0" timestamp="2025-08-07T19:31:53 ART">
  <testcase classname="test_login.Login" name="loginOK" time="2.038"/>
  <testcase classname="test_login.Login" name="loginOK" time="2.376"/>
  <testcase classname="test_login.Login" name="loginUsrIncorrect" time="1.255"/>
  <testcase classname="test_login.Login" name="loginPassIncorrect" time="1.293"/>
  <testcase classname="test_login.Login" name="loginUsrOrPassNull" time="0.779"/>
  <testcase classname="test_login.Login" name="loginUsrOrPassNull" time="0.765"/>
  <testcase classname="test_login.Login" name="loginUsrAndPassNull" time="0.818"/>
</testsuite> <!-- Default test -->
