<?xml version="1.0" encoding="UTF-8"?>
<testng-results ignored="0" total="2" passed="2" failed="0" skipped="0">
  <reporter-output>
  </reporter-output>
  <suite started-at="2025-01-31T17:36:37 ART" name="Default suite" finished-at="2025-01-31T17:36:47 ART" duration-ms="9631">
    <groups>
    </groups>
    <test started-at="2025-01-31T17:36:37 ART" name="Default test" finished-at="2025-01-31T17:36:47 ART" duration-ms="9631">
      <class name="test_login.Login">
        <test-method is-config="true" signature="configurateTest()[pri:0, instance:test_login.Login@20ccf40b]" started-at="2025-01-31T17:36:37 ART" name="configurateTest" finished-at="2025-01-31T17:36:40 ART" duration-ms="2967" status="PASS">
          <reporter-output>
          </reporter-output>
        </test-method> <!-- configurateTest -->
        <test-method signature="login(java.lang.String,java.lang.String)[pri:1, instance:test_login.Login@20ccf40b]" started-at="2025-01-31T17:36:40 ART" name="login" data-provider="Login" finished-at="2025-01-31T17:36:42 ART" duration-ms="1922" status="PASS">
          <params>
            <param index="0">
              <value>
                <![CDATA[ricardito]]>
              </value>
            </param>
            <param index="1">
              <value>
                <![CDATA[12345]]>
              </value>
            </param>
          </params>
          <reporter-output>
          </reporter-output>
        </test-method> <!-- login -->
        <test-method is-config="true" signature="finishTest()[pri:0, instance:test_login.Login@20ccf40b]" started-at="2025-01-31T17:36:42 ART" name="finishTest" finished-at="2025-01-31T17:36:42 ART" duration-ms="200" status="PASS">
          <reporter-output>
          </reporter-output>
        </test-method> <!-- finishTest -->
        <test-method is-config="true" signature="configurateTest()[pri:0, instance:test_login.Login@20ccf40b]" started-at="2025-01-31T17:36:42 ART" name="configurateTest" finished-at="2025-01-31T17:36:45 ART" duration-ms="2194" status="PASS">
          <reporter-output>
          </reporter-output>
        </test-method> <!-- configurateTest -->
        <test-method signature="login(java.lang.String,java.lang.String)[pri:1, instance:test_login.Login@20ccf40b]" started-at="2025-01-31T17:36:45 ART" name="login" data-provider="Login" finished-at="2025-01-31T17:36:47 ART" duration-ms="1919" status="PASS">
          <params>
            <param index="0">
              <value>
                <![CDATA[GERARDO SOFOVICH]]>
              </value>
            </param>
            <param index="1">
              <value>
                <![CDATA[12345]]>
              </value>
            </param>
          </params>
          <reporter-output>
          </reporter-output>
        </test-method> <!-- login -->
        <test-method is-config="true" signature="finishTest()[pri:0, instance:test_login.Login@20ccf40b]" started-at="2025-01-31T17:36:47 ART" name="finishTest" finished-at="2025-01-31T17:36:47 ART" duration-ms="93" status="PASS">
          <reporter-output>
          </reporter-output>
        </test-method> <!-- finishTest -->
      </class> <!-- test_login.Login -->
    </test> <!-- Default test -->
  </suite> <!-- Default suite -->
</testng-results>
