<?xml version="1.0" encoding="UTF-8"?>
<testng-results ignored="0" total="5" passed="5" failed="0" skipped="0">
  <reporter-output>
  </reporter-output>
  <suite started-at="2025-08-07T23:58:25 ART" name="Default suite" finished-at="2025-08-07T23:58:28 ART" duration-ms="3105">
    <groups>
    </groups>
    <test started-at="2025-08-07T23:58:25 ART" name="Default test" finished-at="2025-08-07T23:58:28 ART" duration-ms="3105">
      <class name="test_login_api.LoginAPI">
        <test-method is-config="true" signature="configurateTest()[pri:0, instance:test_login_api.LoginAPI@7c711375]" started-at="2025-08-07T23:58:25 ART" name="configurateTest" finished-at="2025-08-07T23:58:25 ART" duration-ms="125" status="PASS">
          <reporter-output>
          </reporter-output>
        </test-method> <!-- configurateTest -->
        <test-method signature="simpleTest()[pri:0, instance:test_login_api.LoginAPI@7c711375]" started-at="2025-08-07T23:58:25 ART" name="simpleTest" finished-at="2025-08-07T23:58:25 ART" duration-ms="3" status="PASS">
          <reporter-output>
          </reporter-output>
        </test-method> <!-- simpleTest -->
        <test-method is-config="true" signature="finishTest()[pri:0, instance:test_login_api.LoginAPI@7c711375]" started-at="2025-08-07T23:58:25 ART" name="finishTest" finished-at="2025-08-07T23:58:26 ART" duration-ms="131" status="PASS">
          <reporter-output>
          </reporter-output>
        </test-method> <!-- finishTest -->
        <test-method is-config="true" signature="configurateTest()[pri:0, instance:test_login_api.LoginAPI@7c711375]" started-at="2025-08-07T23:58:26 ART" name="configurateTest" finished-at="2025-08-07T23:58:26 ART" duration-ms="1" status="PASS">
          <reporter-output>
          </reporter-output>
        </test-method> <!-- configurateTest -->
        <test-method signature="loginAPIOK(java.lang.String,java.lang.String)[pri:1, instance:test_login_api.LoginAPI@7c711375]" started-at="2025-08-07T23:58:26 ART" name="loginAPIOK" data-provider="LoginAPI" finished-at="2025-08-07T23:58:27 ART" duration-ms="1080" status="PASS">
          <params>
            <param index="0">
              <value>
                <![CDATA[ricardito]]>
              </value>
            </param>
            <param index="1">
              <value>
                <![CDATA[12345]]>
              </value>
            </param>
          </params>
          <reporter-output>
          </reporter-output>
        </test-method> <!-- loginAPIOK -->
        <test-method is-config="true" signature="finishTest()[pri:0, instance:test_login_api.LoginAPI@7c711375]" started-at="2025-08-07T23:58:27 ART" name="finishTest" finished-at="2025-08-07T23:58:27 ART" duration-ms="16" status="PASS">
          <reporter-output>
          </reporter-output>
        </test-method> <!-- finishTest -->
        <test-method is-config="true" signature="configurateTest()[pri:0, instance:test_login_api.LoginAPI@7c711375]" started-at="2025-08-07T23:58:27 ART" name="configurateTest" finished-at="2025-08-07T23:58:27 ART" duration-ms="0" status="PASS">
          <reporter-output>
          </reporter-output>
        </test-method> <!-- configurateTest -->
        <test-method signature="loginAPIOK(java.lang.String,java.lang.String)[pri:1, instance:test_login_api.LoginAPI@7c711375]" started-at="2025-08-07T23:58:27 ART" name="loginAPIOK" data-provider="LoginAPI" finished-at="2025-08-07T23:58:27 ART" duration-ms="390" status="PASS">
          <params>
            <param index="0">
              <value>
                <![CDATA[GERARDO SOFOVICH]]>
              </value>
            </param>
            <param index="1">
              <value>
                <![CDATA[12345]]>
              </value>
            </param>
          </params>
          <reporter-output>
          </reporter-output>
        </test-method> <!-- loginAPIOK -->
        <test-method is-config="true" signature="finishTest()[pri:0, instance:test_login_api.LoginAPI@7c711375]" started-at="2025-08-07T23:58:27 ART" name="finishTest" finished-at="2025-08-07T23:58:27 ART" duration-ms="10" status="PASS">
          <reporter-output>
          </reporter-output>
        </test-method> <!-- finishTest -->
        <test-method is-config="true" signature="configurateTest()[pri:0, instance:test_login_api.LoginAPI@7c711375]" started-at="2025-08-07T23:58:27 ART" name="configurateTest" finished-at="2025-08-07T23:58:27 ART" duration-ms="0" status="PASS">
          <reporter-output>
          </reporter-output>
        </test-method> <!-- configurateTest -->
        <test-method signature="loginUsrIncorrectAPI(java.lang.String,java.lang.String)[pri:2, instance:test_login_api.LoginAPI@7c711375]" started-at="2025-08-07T23:58:27 ART" name="loginUsrIncorrectAPI" data-provider="LoginUsernameIncorrectAPI" finished-at="2025-08-07T23:58:28 ART" duration-ms="516" status="PASS">
          <params>
            <param index="0">
              <value>
                <![CDATA[ricardito1234]]>
              </value>
            </param>
            <param index="1">
              <value>
                <![CDATA[12345]]>
              </value>
            </param>
          </params>
          <reporter-output>
          </reporter-output>
        </test-method> <!-- loginUsrIncorrectAPI -->
        <test-method is-config="true" signature="finishTest()[pri:0, instance:test_login_api.LoginAPI@7c711375]" started-at="2025-08-07T23:58:28 ART" name="finishTest" finished-at="2025-08-07T23:58:28 ART" duration-ms="9" status="PASS">
          <reporter-output>
          </reporter-output>
        </test-method> <!-- finishTest -->
        <test-method is-config="true" signature="configurateTest()[pri:0, instance:test_login_api.LoginAPI@7c711375]" started-at="2025-08-07T23:58:28 ART" name="configurateTest" finished-at="2025-08-07T23:58:28 ART" duration-ms="0" status="PASS">
          <reporter-output>
          </reporter-output>
        </test-method> <!-- configurateTest -->
        <test-method signature="loginPassIncorrectAPI(java.lang.String,java.lang.String)[pri:3, instance:test_login_api.LoginAPI@7c711375]" started-at="2025-08-07T23:58:28 ART" name="loginPassIncorrectAPI" data-provider="LoginPasswordIncorrectAPI" finished-at="2025-08-07T23:58:28 ART" duration-ms="405" status="PASS">
          <params>
            <param index="0">
              <value>
                <![CDATA[ricardito]]>
              </value>
            </param>
            <param index="1">
              <value>
                <![CDATA[123]]>
              </value>
            </param>
          </params>
          <reporter-output>
          </reporter-output>
        </test-method> <!-- loginPassIncorrectAPI -->
        <test-method is-config="true" signature="finishTest()[pri:0, instance:test_login_api.LoginAPI@7c711375]" started-at="2025-08-07T23:58:28 ART" name="finishTest" finished-at="2025-08-07T23:58:28 ART" duration-ms="10" status="PASS">
          <reporter-output>
          </reporter-output>
        </test-method> <!-- finishTest -->
      </class> <!-- test_login_api.LoginAPI -->
    </test> <!-- Default test -->
  </suite> <!-- Default suite -->
</testng-results>
